<?xml version="1.0" encoding="UTF-8"?>
<!-- Generated by org.testng.reporters.JUnitReportReporter -->
<testsuite name="com.tester.cases.AddUserTest" tests="1" time="2.053" ignored="0" failures="0" timestamp="07 一月 2020 07:45:16 GMT" skipped="0" hostname="DESKTOP-ASH3P1V" errors="0">
  <testcase name="addUser" time="2.053" classname="com.tester.cases.AddUserTest"/>
</testsuite> <!-- com.tester.cases.AddUserTest -->
