<?xml version="1.0" encoding="UTF-8"?>
<!-- Generated by org.testng.reporters.JUnitReportReporter -->
<testsuite name="com.tester.cases.UpdateUserInfoTest" tests="2" time="4.125" ignored="0" failures="0" timestamp="07 一月 2020 07:45:16 GMT" skipped="0" hostname="DESKTOP-ASH3P1V" errors="0">
  <testcase name="deleteUser" time="2.049" classname="com.tester.cases.UpdateUserInfoTest"/>
  <testcase name="updateUserInfo" time="2.076" classname="com.tester.cases.UpdateUserInfoTest"/>
</testsuite> <!-- com.tester.cases.UpdateUserInfoTest -->
