<?xml version="1.0" encoding="UTF-8"?>
<!-- Generated by org.testng.reporters.JUnitReportReporter -->
<testsuite name="com.tester.cases.GetUserInfoTest" tests="1" time="0.048" ignored="0" failures="0" timestamp="07 一月 2020 07:45:16 GMT" skipped="0" hostname="DESKTOP-ASH3P1V" errors="0">
  <testcase name="getUserInfo" time="0.048" classname="com.tester.cases.GetUserInfoTest"/>
</testsuite> <!-- com.tester.cases.GetUserInfoTest -->
