<?xml version="1.0" encoding="UTF-8"?>
<!-- Generated by org.testng.reporters.JUnitReportReporter -->
<testsuite name="com.tester.cases.LoginTest" tests="2" time="1.037" ignored="0" failures="0" timestamp="07 一月 2020 07:45:16 GMT" skipped="0" hostname="DESKTOP-ASH3P1V" errors="0">
  <testcase name="loginFalse" time="0.041" classname="com.tester.cases.LoginTest"/>
  <testcase name="loginTrue" time="0.996" classname="com.tester.cases.LoginTest"/>
</testsuite> <!-- com.tester.cases.LoginTest -->
